<?xml version="1.0" encoding="UTF-8"?>
<testng-results ignored="0" total="1" passed="1" failed="0" skipped="0">
  <reporter-output>
  </reporter-output>
  <suite started-at="2023-11-08T17:55:12 IST" name="Default suite" finished-at="2023-11-08T17:58:35 IST" duration-ms="202566">
    <groups>
    </groups>
    <test started-at="2023-11-08T17:55:12 IST" name="Default test" finished-at="2023-11-08T17:58:35 IST" duration-ms="202566">
      <class name="dailytasks.Task1">
        <test-method signature="broken()[pri:0, instance:dailytasks.Task1@408d971b]" started-at="2023-11-08T17:55:12 IST" name="broken" finished-at="2023-11-08T17:58:35 IST" duration-ms="202375" status="PASS">
          <reporter-output>
          </reporter-output>
        </test-method> <!-- broken -->
      </class> <!-- dailytasks.Task1 -->
    </test> <!-- Default test -->
  </suite> <!-- Default suite -->
</testng-results>
